abs
acos
asin
atan
atan2
bin
bitreverse16
bitreverse32
bitreverse64
bitreverse8
bsfl
bsfl
bsr
bsr
cbrt
ceil
copysign
cos
exp
exp10
exp2
expm1
fabs
ffs
ffsl
floor
fmax
fmin
fmod
fpclassify
gray
hex
hypot
ilogb
isfinite
isgreater
isgreaterequal
isinf
isless
islessequal
islessgreater
isnan
isnormal
isunordered
ldexp
ldexp
log
log10
log1p
log2
logb
lrint
lround
max
min
nearbyint
oct
pow
powi
print
remainder
rint
rol
rolb
roll
rolq
rolw
ror
rorb
rorl
rorq
rorw
round
rounddown
rounddown2pow
roundup
roundup2log
roundup2pow
sar
sarb
sarl
sarq
sarw
scalb
signbit
signbit
significand
sin
sqrt
tan
time
trunc
ungray
